Using pre-set license

 COMMAND LINE ARGUMENTS:
/Applications/Unity/Hub/Editor/2020.3.8f1/Unity.app/Contents/MacOS/Unity
-adb2
-batchMode
-noUpm
-name
AssetImportWorker0
-projectPath
/Users/lavrajrimal/Documents/Developer/Diyalo/UnityGames/Angry/AngryBirdRemake/AngryBirdRem
-logFile
Logs/AssetImportWorker0.log
-srvPort
63926
Successfully changed project path to: /Users/lavrajrimal/Documents/Developer/Diyalo/UnityGames/Angry/AngryBirdRemake/AngryBirdRem
/Users/lavrajrimal/Documents/Developer/Diyalo/UnityGames/Angry/AngryBirdRemake/AngryBirdRem
Using Asset Import Pipeline V2.
Refreshing native plugins compatible for Editor in 58.58 ms, found 2 plugins.
Preloading 0 native plugins for Editor in 0.00 ms.
Initialize engine version: 2020.3.8f1 (507919d4fff5)
[Subsystems] Discovering subsystems at path /Applications/Unity/Hub/Editor/2020.3.8f1/Unity.app/Contents/Resources/UnitySubsystems
[Subsystems] Discovering subsystems at path /Users/lavrajrimal/Documents/Developer/Diyalo/UnityGames/Angry/AngryBirdRemake/AngryBirdRem/Assets
GfxDevice: creating device client; threaded=0
2021-05-27 20:13:44.385 Unity[19303:1112603] Color LCD preferred device: Intel(R) Iris(TM) Plus Graphics (low power)
2021-05-27 20:13:44.385 Unity[19303:1112603] Metal devices available: 1
2021-05-27 20:13:44.385 Unity[19303:1112603] 0: Intel(R) Iris(TM) Plus Graphics (low power)
2021-05-27 20:13:44.385 Unity[19303:1112603] Using device Intel(R) Iris(TM) Plus Graphics (low power)
Initializing Metal device caps: Intel(R) Iris(TM) Plus Graphics
Initialize mono
Mono path[0] = '/Applications/Unity/Hub/Editor/2020.3.8f1/Unity.app/Contents/Managed'
Mono path[1] = '/Applications/Unity/Hub/Editor/2020.3.8f1/Unity.app/Contents/MonoBleedingEdge/lib/mono/unityjit'
Mono config path = '/Applications/Unity/Hub/Editor/2020.3.8f1/Unity.app/Contents/MonoBleedingEdge/etc'
Using monoOptions --debugger-agent=transport=dt_socket,embedding=1,server=y,suspend=n,address=127.0.0.1:56303
Begin MonoManager ReloadAssembly
Registering precompiled unity dll's ...
Register platform support module: /Applications/Unity/Hub/Editor/2020.3.8f1/PlaybackEngines/WebGLSupport/UnityEditor.WebGL.Extensions.dll
Register platform support module: /Applications/Unity/Hub/Editor/2020.3.8f1/Unity.app/Contents/PlaybackEngines/MacStandaloneSupport/UnityEditor.OSXStandalone.Extensions.dll
Registered in 0.006407 seconds.
Native extension for OSXStandalone target not found
Native extension for WebGL target not found
Refreshing native plugins compatible for Editor in 36.59 ms, found 2 plugins.
Preloading 0 native plugins for Editor in 0.00 ms.
Mono: successfully reloaded assembly
- Completed reload, in  3.017 seconds
Platform modules already initialized, skipping
Registering precompiled user dll's ...
Registered in 0.002459 seconds.
Begin MonoManager ReloadAssembly
Native extension for OSXStandalone target not found
Native extension for WebGL target not found
Refreshing native plugins compatible for Editor in 36.27 ms, found 2 plugins.
Preloading 0 native plugins for Editor in 0.00 ms.
Mono: successfully reloaded assembly
- Completed reload, in  1.171 seconds
Platform modules already initialized, skipping
========================================================================
Worker process is ready to serve import requests
Launching external process: /Applications/Unity/Hub/Editor/2020.3.8f1/Unity.app/Contents/Tools/UnityShaderCompiler
Launched and connected shader compiler UnityShaderCompiler after 0.01 seconds
Refreshing native plugins compatible for Editor in 0.35 ms, found 2 plugins.
Preloading 0 native plugins for Editor in 0.00 ms.
Unloading 1808 Unused Serialized files (Serialized files now loaded: 0)
System memory in use before: 143.6 MB.
System memory in use after: 143.6 MB.

Unloading 24 unused Assets to reduce memory usage. Loaded Objects now: 2250.
Total: 2.086847 ms (FindLiveObjects: 0.182485 ms CreateObjectMapping: 0.059605 ms MarkObjects: 1.707287 ms  DeleteObjects: 0.136195 ms)

========================================================================
Received Import Request.
  path: Assets
  artifactKey: Guid(00000000000000001000000000000000) Importer(815301076,1909f56bfc062723c751e8b465ee728b)
Start importing Assets using Guid(00000000000000001000000000000000) Importer(815301076,1909f56bfc062723c751e8b465ee728b)  -> (artifact id: '42d402b061de3733987d63b9cc3b64de') in 0.005779 seconds
  Import took 0.010327 seconds .

========================================================================
Received Import Request.
  Time since last request: 51.061397 seconds.
  path: Assets/Sprites
  artifactKey: Guid(a93346d5bb7074f6fbaea010312300e6) Importer(815301076,1909f56bfc062723c751e8b465ee728b)
Start importing Assets/Sprites using Guid(a93346d5bb7074f6fbaea010312300e6) Importer(815301076,1909f56bfc062723c751e8b465ee728b)  -> (artifact id: 'c26c0637a9d84b83a9e2507991037ff7') in 0.004691 seconds
  Import took 0.011487 seconds .

========================================================================
Received Import Request.
  Time since last request: 0.626238 seconds.
  path: Assets/Sprites/Angry Bird3.jpg
  artifactKey: Guid(a227ef0c9cacb49b3b039149f3c74096) Importer(815301076,1909f56bfc062723c751e8b465ee728b)
Start importing Assets/Sprites/Angry Bird3.jpg using Guid(a227ef0c9cacb49b3b039149f3c74096) Importer(815301076,1909f56bfc062723c751e8b465ee728b)  -> (artifact id: '92d4874a42543fa805e2a9598e510b41') in 1.499845 seconds
  Import took 1.505463 seconds .

========================================================================
Received Import Request.
  Time since last request: 0.000246 seconds.
  path: Assets/Sprites/GrassThinSprite.png
  artifactKey: Guid(d975656a3babb45e388d7bf0b361ddfa) Importer(815301076,1909f56bfc062723c751e8b465ee728b)
Start importing Assets/Sprites/GrassThinSprite.png using Guid(d975656a3babb45e388d7bf0b361ddfa) Importer(815301076,1909f56bfc062723c751e8b465ee728b)  -> (artifact id: '204f22bbabfe82784bbda57db023a76a') in 1.242632 seconds
  Import took 1.245993 seconds .

========================================================================
Received Import Request.
  Time since last request: 0.000219 seconds.
  path: Assets/Sprites/CatapultBackSprite.png
  artifactKey: Guid(5b9f63d377fc4494eb052c0e9b8def17) Importer(815301076,1909f56bfc062723c751e8b465ee728b)
Start importing Assets/Sprites/CatapultBackSprite.png using Guid(5b9f63d377fc4494eb052c0e9b8def17) Importer(815301076,1909f56bfc062723c751e8b465ee728b)  -> (artifact id: '53281842d42b43a22ef580b53de1739c') in 0.022841 seconds
  Import took 0.027810 seconds .

========================================================================
Received Import Request.
  Time since last request: 0.000236 seconds.
  path: Assets/Sprites/SkyTileSprite.png
  artifactKey: Guid(612c7184e352b4091828f35e8ee3ffa5) Importer(815301076,1909f56bfc062723c751e8b465ee728b)
Start importing Assets/Sprites/SkyTileSprite.png using Guid(612c7184e352b4091828f35e8ee3ffa5) Importer(815301076,1909f56bfc062723c751e8b465ee728b)  -> (artifact id: 'eca642b2175017f19f98c68c752266a2') in 0.030219 seconds
  Import took 0.036218 seconds .

========================================================================
Received Import Request.
  Time since last request: 0.000327 seconds.
  path: Assets/Sprites/AngryBird2.jpg
  artifactKey: Guid(e239924542bba405798595d7fbdb21e5) Importer(815301076,1909f56bfc062723c751e8b465ee728b)
Start importing Assets/Sprites/AngryBird2.jpg using Guid(e239924542bba405798595d7fbdb21e5) Importer(815301076,1909f56bfc062723c751e8b465ee728b)  -> (artifact id: '05ce08990c7b7c3e758ca17f8168ce18') in 0.015732 seconds
  Import took 0.021315 seconds .

========================================================================
Received Import Request.
  Time since last request: 0.000406 seconds.
  path: Assets/Sprites/CatapultFrontSprite.png
  artifactKey: Guid(e91036749018542608e7e0145b4c03d9) Importer(815301076,1909f56bfc062723c751e8b465ee728b)
Start importing Assets/Sprites/CatapultFrontSprite.png using Guid(e91036749018542608e7e0145b4c03d9) Importer(815301076,1909f56bfc062723c751e8b465ee728b)  -> (artifact id: 'e91556ef5b3ed7720cc796419de5b920') in 0.016078 seconds
  Import took 0.021639 seconds .

========================================================================
Received Import Request.
  Time since last request: 0.000278 seconds.
  path: Assets/Sprites/pngfind.com-angry-birds-png-834403.png
  artifactKey: Guid(42b8236e6a14e44ebba072a05155e427) Importer(815301076,1909f56bfc062723c751e8b465ee728b)
Start importing Assets/Sprites/pngfind.com-angry-birds-png-834403.png using Guid(42b8236e6a14e44ebba072a05155e427) Importer(815301076,1909f56bfc062723c751e8b465ee728b)  -> (artifact id: '74e5aa359a471defbe3bc35ea56cdc49') in 0.174889 seconds
  Import took 0.180305 seconds .

========================================================================
Received Import Request.
  Time since last request: 556.338372 seconds.
  path: Assets/SlingShotController.cs
  artifactKey: Guid(2607a4710ee3548b390c8962d9c2b35d) Importer(815301076,1909f56bfc062723c751e8b465ee728b)
Start importing Assets/SlingShotController.cs using Guid(2607a4710ee3548b390c8962d9c2b35d) Importer(815301076,1909f56bfc062723c751e8b465ee728b)  -> (artifact id: '5bec52a5d18c026889e3a7741176211a') in 0.458568 seconds
  Import took 0.462425 seconds .

========================================================================
Received Prepare
Registering precompiled user dll's ...
Registered in 0.001683 seconds.
Begin MonoManager ReloadAssembly
Native extension for OSXStandalone target not found
Native extension for WebGL target not found
Refreshing native plugins compatible for Editor in 0.45 ms, found 2 plugins.
Preloading 0 native plugins for Editor in 0.00 ms.
Mono: successfully reloaded assembly
- Completed reload, in  1.382 seconds
Platform modules already initialized, skipping
Refreshing native plugins compatible for Editor in 0.32 ms, found 2 plugins.
Preloading 0 native plugins for Editor in 0.00 ms.
Unloading 1804 Unused Serialized files (Serialized files now loaded: 0)
System memory in use before: 160.7 MB.
System memory in use after: 160.7 MB.

Unloading 12 unused Assets to reduce memory usage. Loaded Objects now: 2328.
Total: 4.687363 ms (FindLiveObjects: 0.321241 ms CreateObjectMapping: 0.108279 ms MarkObjects: 4.093486 ms  DeleteObjects: 0.161962 ms)

========================================================================
Received Prepare
Registering precompiled user dll's ...
Registered in 0.001714 seconds.
Begin MonoManager ReloadAssembly
Native extension for OSXStandalone target not found
Native extension for WebGL target not found
Refreshing native plugins compatible for Editor in 0.33 ms, found 2 plugins.
Preloading 0 native plugins for Editor in 0.00 ms.
Mono: successfully reloaded assembly
- Completed reload, in  1.161 seconds
Platform modules already initialized, skipping
Refreshing native plugins compatible for Editor in 0.43 ms, found 2 plugins.
Preloading 0 native plugins for Editor in 0.00 ms.
Unloading 1804 Unused Serialized files (Serialized files now loaded: 0)
System memory in use before: 160.9 MB.
System memory in use after: 160.9 MB.

Unloading 12 unused Assets to reduce memory usage. Loaded Objects now: 2332.
Total: 2.426771 ms (FindLiveObjects: 0.265973 ms CreateObjectMapping: 0.064974 ms MarkObjects: 1.949181 ms  DeleteObjects: 0.145218 ms)

========================================================================
Received Import Request.
  Time since last request: 121.204374 seconds.
  path: Assets/SlingShotController.cs
  artifactKey: Guid(2607a4710ee3548b390c8962d9c2b35d) Importer(815301076,1909f56bfc062723c751e8b465ee728b)
Start importing Assets/SlingShotController.cs using Guid(2607a4710ee3548b390c8962d9c2b35d) Importer(815301076,1909f56bfc062723c751e8b465ee728b)  -> (artifact id: '8e4dd17a5ca645213e6bfe8c6f13b352') in 0.004773 seconds
  Import took 0.009250 seconds .

========================================================================
Received Prepare
Registering precompiled user dll's ...
Registered in 0.001131 seconds.
Begin MonoManager ReloadAssembly
Native extension for OSXStandalone target not found
Native extension for WebGL target not found
Refreshing native plugins compatible for Editor in 0.61 ms, found 2 plugins.
Preloading 0 native plugins for Editor in 0.00 ms.
Mono: successfully reloaded assembly
- Completed reload, in  1.681 seconds
Platform modules already initialized, skipping
Refreshing native plugins compatible for Editor in 0.32 ms, found 2 plugins.
Preloading 0 native plugins for Editor in 0.00 ms.
Unloading 1804 Unused Serialized files (Serialized files now loaded: 0)
System memory in use before: 161.1 MB.
System memory in use after: 161.1 MB.

Unloading 12 unused Assets to reduce memory usage. Loaded Objects now: 2336.
Total: 1.879099 ms (FindLiveObjects: 0.189235 ms CreateObjectMapping: 0.057374 ms MarkObjects: 1.516071 ms  DeleteObjects: 0.115349 ms)

========================================================================
Received Import Request.
  Time since last request: 26.462000 seconds.
  path: Assets/Scripts
  artifactKey: Guid(c5e6aa1d7405e4514abf6a35e9eafac0) Importer(815301076,1909f56bfc062723c751e8b465ee728b)
Start importing Assets/Scripts using Guid(c5e6aa1d7405e4514abf6a35e9eafac0) Importer(815301076,1909f56bfc062723c751e8b465ee728b)  -> (artifact id: 'a197ccd95de466ffae3e06da6959446f') in 0.007301 seconds
  Import took 0.013016 seconds .

========================================================================
Received Prepare
Registering precompiled user dll's ...
Registered in 0.001903 seconds.
Begin MonoManager ReloadAssembly
Native extension for OSXStandalone target not found
Native extension for WebGL target not found
Refreshing native plugins compatible for Editor in 0.31 ms, found 2 plugins.
Preloading 0 native plugins for Editor in 0.00 ms.
Mono: successfully reloaded assembly
- Completed reload, in  1.048 seconds
Platform modules already initialized, skipping
Refreshing native plugins compatible for Editor in 0.43 ms, found 2 plugins.
Preloading 0 native plugins for Editor in 0.00 ms.
Unloading 1804 Unused Serialized files (Serialized files now loaded: 0)
System memory in use before: 161.3 MB.
System memory in use after: 161.3 MB.

Unloading 12 unused Assets to reduce memory usage. Loaded Objects now: 2340.
Total: 2.018903 ms (FindLiveObjects: 0.178105 ms CreateObjectMapping: 0.053597 ms MarkObjects: 1.667622 ms  DeleteObjects: 0.118523 ms)

========================================================================
Received Prepare
Registering precompiled user dll's ...
Registered in 0.001854 seconds.
Begin MonoManager ReloadAssembly
Native extension for OSXStandalone target not found
Native extension for WebGL target not found
Refreshing native plugins compatible for Editor in 0.39 ms, found 2 plugins.
Preloading 0 native plugins for Editor in 0.00 ms.
Mono: successfully reloaded assembly
- Completed reload, in  1.042 seconds
Platform modules already initialized, skipping
Refreshing native plugins compatible for Editor in 0.38 ms, found 2 plugins.
Preloading 0 native plugins for Editor in 0.00 ms.
Unloading 1804 Unused Serialized files (Serialized files now loaded: 0)
System memory in use before: 161.5 MB.
System memory in use after: 161.5 MB.

Unloading 12 unused Assets to reduce memory usage. Loaded Objects now: 2344.
Total: 1.788150 ms (FindLiveObjects: 0.167729 ms CreateObjectMapping: 0.054403 ms MarkObjects: 1.451572 ms  DeleteObjects: 0.113404 ms)

========================================================================
Received Import Request.
  Time since last request: 44.121187 seconds.
  path: Assets/Scripts/SlingShotController.cs
  artifactKey: Guid(2607a4710ee3548b390c8962d9c2b35d) Importer(815301076,1909f56bfc062723c751e8b465ee728b)
Start importing Assets/Scripts/SlingShotController.cs using Guid(2607a4710ee3548b390c8962d9c2b35d) Importer(815301076,1909f56bfc062723c751e8b465ee728b)  -> (artifact id: '754f805e96686ebd0d183054c3b634c3') in 0.004307 seconds
  Import took 0.007983 seconds .

========================================================================
Received Prepare
Registering precompiled user dll's ...
Registered in 0.001883 seconds.
Begin MonoManager ReloadAssembly
Native extension for OSXStandalone target not found
Native extension for WebGL target not found
Refreshing native plugins compatible for Editor in 0.36 ms, found 2 plugins.
Preloading 0 native plugins for Editor in 0.00 ms.
Mono: successfully reloaded assembly
- Completed reload, in  1.037 seconds
Platform modules already initialized, skipping
Refreshing native plugins compatible for Editor in 0.49 ms, found 2 plugins.
Preloading 0 native plugins for Editor in 0.00 ms.
Unloading 1804 Unused Serialized files (Serialized files now loaded: 0)
System memory in use before: 161.7 MB.
System memory in use after: 161.7 MB.

Unloading 12 unused Assets to reduce memory usage. Loaded Objects now: 2348.
Total: 2.877252 ms (FindLiveObjects: 0.275086 ms CreateObjectMapping: 0.087063 ms MarkObjects: 2.345798 ms  DeleteObjects: 0.167692 ms)

========================================================================
Received Prepare
Registering precompiled user dll's ...
Registered in 0.000559 seconds.
Begin MonoManager ReloadAssembly
Native extension for OSXStandalone target not found
Native extension for WebGL target not found
Refreshing native plugins compatible for Editor in 0.48 ms, found 2 plugins.
Preloading 0 native plugins for Editor in 0.00 ms.
Mono: successfully reloaded assembly
- Completed reload, in  1.433 seconds
Platform modules already initialized, skipping
Refreshing native plugins compatible for Editor in 0.35 ms, found 2 plugins.
Preloading 0 native plugins for Editor in 0.00 ms.
Unloading 1804 Unused Serialized files (Serialized files now loaded: 0)
System memory in use before: 161.9 MB.
System memory in use after: 161.9 MB.

Unloading 12 unused Assets to reduce memory usage. Loaded Objects now: 2352.
Total: 1.979179 ms (FindLiveObjects: 0.205686 ms CreateObjectMapping: 0.066970 ms MarkObjects: 1.579265 ms  DeleteObjects: 0.125736 ms)

========================================================================
Received Prepare
Registering precompiled user dll's ...
Registered in 0.000785 seconds.
Begin MonoManager ReloadAssembly
Native extension for OSXStandalone target not found
Native extension for WebGL target not found
Refreshing native plugins compatible for Editor in 0.31 ms, found 2 plugins.
Preloading 0 native plugins for Editor in 0.00 ms.
Mono: successfully reloaded assembly
- Completed reload, in  1.129 seconds
Platform modules already initialized, skipping
Refreshing native plugins compatible for Editor in 0.34 ms, found 2 plugins.
Preloading 0 native plugins for Editor in 0.00 ms.
Unloading 1804 Unused Serialized files (Serialized files now loaded: 0)
System memory in use before: 162.1 MB.
System memory in use after: 162.1 MB.

Unloading 12 unused Assets to reduce memory usage. Loaded Objects now: 2356.
Total: 2.506085 ms (FindLiveObjects: 0.160139 ms CreateObjectMapping: 0.048850 ms MarkObjects: 2.175848 ms  DeleteObjects: 0.119792 ms)

========================================================================
Received Prepare
Registering precompiled user dll's ...
Registered in 0.000591 seconds.
Begin MonoManager ReloadAssembly
Native extension for OSXStandalone target not found
Native extension for WebGL target not found
Refreshing native plugins compatible for Editor in 0.37 ms, found 2 plugins.
Preloading 0 native plugins for Editor in 0.00 ms.
Mono: successfully reloaded assembly
- Completed reload, in  1.020 seconds
Platform modules already initialized, skipping
Refreshing native plugins compatible for Editor in 0.46 ms, found 2 plugins.
Preloading 0 native plugins for Editor in 0.00 ms.
Unloading 1804 Unused Serialized files (Serialized files now loaded: 0)
System memory in use before: 162.3 MB.
System memory in use after: 162.3 MB.

Unloading 12 unused Assets to reduce memory usage. Loaded Objects now: 2360.
Total: 3.066335 ms (FindLiveObjects: 0.343963 ms CreateObjectMapping: 0.094368 ms MarkObjects: 2.446213 ms  DeleteObjects: 0.179970 ms)

========================================================================
Received Prepare
Registering precompiled user dll's ...
Registered in 0.001203 seconds.
Begin MonoManager ReloadAssembly
Native extension for OSXStandalone target not found
Native extension for WebGL target not found
Refreshing native plugins compatible for Editor in 0.36 ms, found 2 plugins.
Preloading 0 native plugins for Editor in 0.00 ms.
Mono: successfully reloaded assembly
- Completed reload, in  1.051 seconds
Platform modules already initialized, skipping
Refreshing native plugins compatible for Editor in 0.37 ms, found 2 plugins.
Preloading 0 native plugins for Editor in 0.00 ms.
Unloading 1804 Unused Serialized files (Serialized files now loaded: 0)
System memory in use before: 162.5 MB.
System memory in use after: 162.5 MB.

Unloading 12 unused Assets to reduce memory usage. Loaded Objects now: 2364.
Total: 1.862175 ms (FindLiveObjects: 0.164569 ms CreateObjectMapping: 0.051695 ms MarkObjects: 1.527625 ms  DeleteObjects: 0.117005 ms)

========================================================================
Received Prepare
Registering precompiled user dll's ...
Registered in 0.000870 seconds.
Begin MonoManager ReloadAssembly
Native extension for OSXStandalone target not found
Native extension for WebGL target not found
Refreshing native plugins compatible for Editor in 0.32 ms, found 2 plugins.
Preloading 0 native plugins for Editor in 0.00 ms.
Mono: successfully reloaded assembly
- Completed reload, in  1.038 seconds
Platform modules already initialized, skipping
Refreshing native plugins compatible for Editor in 0.40 ms, found 2 plugins.
Preloading 0 native plugins for Editor in 0.00 ms.
Unloading 1804 Unused Serialized files (Serialized files now loaded: 0)
System memory in use before: 162.7 MB.
System memory in use after: 162.7 MB.

Unloading 12 unused Assets to reduce memory usage. Loaded Objects now: 2368.
Total: 2.171679 ms (FindLiveObjects: 0.183529 ms CreateObjectMapping: 0.056300 ms MarkObjects: 1.789367 ms  DeleteObjects: 0.141054 ms)

========================================================================
Received Prepare
Registering precompiled user dll's ...
Registered in 0.000630 seconds.
Begin MonoManager ReloadAssembly
Native extension for OSXStandalone target not found
Native extension for WebGL target not found
Refreshing native plugins compatible for Editor in 0.31 ms, found 2 plugins.
Preloading 0 native plugins for Editor in 0.00 ms.
Mono: successfully reloaded assembly
- Completed reload, in  1.082 seconds
Platform modules already initialized, skipping
Refreshing native plugins compatible for Editor in 0.30 ms, found 2 plugins.
Preloading 0 native plugins for Editor in 0.00 ms.
Unloading 1804 Unused Serialized files (Serialized files now loaded: 0)
System memory in use before: 162.9 MB.
System memory in use after: 162.9 MB.

Unloading 12 unused Assets to reduce memory usage. Loaded Objects now: 2372.
Total: 1.829004 ms (FindLiveObjects: 0.172019 ms CreateObjectMapping: 0.051139 ms MarkObjects: 1.488719 ms  DeleteObjects: 0.116219 ms)

========================================================================
Received Prepare
Registering precompiled user dll's ...
Registered in 0.000604 seconds.
Begin MonoManager ReloadAssembly
Native extension for OSXStandalone target not found
Native extension for WebGL target not found
Refreshing native plugins compatible for Editor in 0.39 ms, found 2 plugins.
Preloading 0 native plugins for Editor in 0.00 ms.
Mono: successfully reloaded assembly
- Completed reload, in  1.071 seconds
Platform modules already initialized, skipping
Refreshing native plugins compatible for Editor in 0.53 ms, found 2 plugins.
Preloading 0 native plugins for Editor in 0.00 ms.
Unloading 1804 Unused Serialized files (Serialized files now loaded: 0)
System memory in use before: 163.1 MB.
System memory in use after: 163.1 MB.

Unloading 12 unused Assets to reduce memory usage. Loaded Objects now: 2376.
Total: 3.609550 ms (FindLiveObjects: 0.406606 ms CreateObjectMapping: 0.141527 ms MarkObjects: 2.875742 ms  DeleteObjects: 0.183715 ms)

========================================================================
Received Prepare
Registering precompiled user dll's ...
Registered in 0.000634 seconds.
Begin MonoManager ReloadAssembly
Native extension for OSXStandalone target not found
Native extension for WebGL target not found
Refreshing native plugins compatible for Editor in 0.32 ms, found 2 plugins.
Preloading 0 native plugins for Editor in 0.00 ms.
Mono: successfully reloaded assembly
- Completed reload, in  1.204 seconds
Platform modules already initialized, skipping
Refreshing native plugins compatible for Editor in 0.31 ms, found 2 plugins.
Preloading 0 native plugins for Editor in 0.00 ms.
Unloading 1804 Unused Serialized files (Serialized files now loaded: 0)
System memory in use before: 163.3 MB.
System memory in use after: 163.3 MB.

Unloading 12 unused Assets to reduce memory usage. Loaded Objects now: 2380.
Total: 2.395587 ms (FindLiveObjects: 0.176012 ms CreateObjectMapping: 0.056537 ms MarkObjects: 1.989691 ms  DeleteObjects: 0.171653 ms)

========================================================================
Received Prepare
Registering precompiled user dll's ...
Registered in 0.000600 seconds.
Begin MonoManager ReloadAssembly
Native extension for OSXStandalone target not found
Native extension for WebGL target not found
Refreshing native plugins compatible for Editor in 0.32 ms, found 2 plugins.
Preloading 0 native plugins for Editor in 0.00 ms.
Mono: successfully reloaded assembly
- Completed reload, in  1.114 seconds
Platform modules already initialized, skipping
Refreshing native plugins compatible for Editor in 0.31 ms, found 2 plugins.
Preloading 0 native plugins for Editor in 0.00 ms.
Unloading 1804 Unused Serialized files (Serialized files now loaded: 0)
System memory in use before: 163.5 MB.
System memory in use after: 163.5 MB.

Unloading 12 unused Assets to reduce memory usage. Loaded Objects now: 2384.
Total: 1.970030 ms (FindLiveObjects: 0.176488 ms CreateObjectMapping: 0.058502 ms MarkObjects: 1.615129 ms  DeleteObjects: 0.118767 ms)

========================================================================
Received Prepare
Registering precompiled user dll's ...
Registered in 0.001283 seconds.
Begin MonoManager ReloadAssembly
Native extension for OSXStandalone target not found
Native extension for WebGL target not found
Refreshing native plugins compatible for Editor in 0.33 ms, found 2 plugins.
Preloading 0 native plugins for Editor in 0.00 ms.
Mono: successfully reloaded assembly
- Completed reload, in  1.067 seconds
Platform modules already initialized, skipping
Refreshing native plugins compatible for Editor in 0.32 ms, found 2 plugins.
Preloading 0 native plugins for Editor in 0.00 ms.
Unloading 1804 Unused Serialized files (Serialized files now loaded: 0)
System memory in use before: 163.7 MB.
System memory in use after: 163.7 MB.

Unloading 12 unused Assets to reduce memory usage. Loaded Objects now: 2388.
Total: 2.504260 ms (FindLiveObjects: 0.265151 ms CreateObjectMapping: 0.091656 ms MarkObjects: 2.016647 ms  DeleteObjects: 0.129227 ms)

========================================================================
Received Prepare
Registering precompiled user dll's ...
Registered in 0.000732 seconds.
Begin MonoManager ReloadAssembly
Native extension for OSXStandalone target not found
Native extension for WebGL target not found
Refreshing native plugins compatible for Editor in 0.45 ms, found 2 plugins.
Preloading 0 native plugins for Editor in 0.00 ms.
Mono: successfully reloaded assembly
- Completed reload, in  1.120 seconds
Platform modules already initialized, skipping
Refreshing native plugins compatible for Editor in 0.33 ms, found 2 plugins.
Preloading 0 native plugins for Editor in 0.00 ms.
Unloading 1804 Unused Serialized files (Serialized files now loaded: 0)
System memory in use before: 163.9 MB.
System memory in use after: 163.9 MB.

Unloading 12 unused Assets to reduce memory usage. Loaded Objects now: 2392.
Total: 2.066458 ms (FindLiveObjects: 0.166113 ms CreateObjectMapping: 0.051581 ms MarkObjects: 1.686682 ms  DeleteObjects: 0.160887 ms)

========================================================================
Received Prepare
Registering precompiled user dll's ...
Registered in 0.000906 seconds.
Begin MonoManager ReloadAssembly
Native extension for OSXStandalone target not found
Native extension for WebGL target not found
Refreshing native plugins compatible for Editor in 0.32 ms, found 2 plugins.
Preloading 0 native plugins for Editor in 0.00 ms.
Mono: successfully reloaded assembly
- Completed reload, in  1.150 seconds
Platform modules already initialized, skipping
Refreshing native plugins compatible for Editor in 0.38 ms, found 2 plugins.
Preloading 0 native plugins for Editor in 0.00 ms.
Unloading 1804 Unused Serialized files (Serialized files now loaded: 0)
System memory in use before: 164.1 MB.
System memory in use after: 164.1 MB.

Unloading 12 unused Assets to reduce memory usage. Loaded Objects now: 2396.
Total: 1.867357 ms (FindLiveObjects: 0.165714 ms CreateObjectMapping: 0.048382 ms MarkObjects: 1.529714 ms  DeleteObjects: 0.122518 ms)

========================================================================
Received Prepare
Registering precompiled user dll's ...
Registered in 0.000625 seconds.
Begin MonoManager ReloadAssembly
Native extension for OSXStandalone target not found
Native extension for WebGL target not found
Refreshing native plugins compatible for Editor in 0.32 ms, found 2 plugins.
Preloading 0 native plugins for Editor in 0.00 ms.
Mono: successfully reloaded assembly
- Completed reload, in  1.103 seconds
Platform modules already initialized, skipping
Refreshing native plugins compatible for Editor in 0.32 ms, found 2 plugins.
Preloading 0 native plugins for Editor in 0.00 ms.
Unloading 1804 Unused Serialized files (Serialized files now loaded: 0)
System memory in use before: 164.3 MB.
System memory in use after: 164.2 MB.

Unloading 12 unused Assets to reduce memory usage. Loaded Objects now: 2400.
Total: 1.914317 ms (FindLiveObjects: 0.176667 ms CreateObjectMapping: 0.058998 ms MarkObjects: 1.554405 ms  DeleteObjects: 0.122723 ms)

========================================================================
Received Prepare
Registering precompiled user dll's ...
Registered in 0.002709 seconds.
Begin MonoManager ReloadAssembly
Native extension for OSXStandalone target not found
Native extension for WebGL target not found
Refreshing native plugins compatible for Editor in 0.31 ms, found 2 plugins.
Preloading 0 native plugins for Editor in 0.00 ms.
Mono: successfully reloaded assembly
- Completed reload, in  1.290 seconds
Platform modules already initialized, skipping
Refreshing native plugins compatible for Editor in 0.38 ms, found 2 plugins.
Preloading 0 native plugins for Editor in 0.00 ms.
Unloading 1804 Unused Serialized files (Serialized files now loaded: 0)
System memory in use before: 164.6 MB.
System memory in use after: 164.6 MB.

Unloading 12 unused Assets to reduce memory usage. Loaded Objects now: 2404.
Total: 1.837327 ms (FindLiveObjects: 0.169366 ms CreateObjectMapping: 0.052680 ms MarkObjects: 1.497618 ms  DeleteObjects: 0.116541 ms)

========================================================================
Received Prepare
Registering precompiled user dll's ...
Registered in 0.000584 seconds.
Begin MonoManager ReloadAssembly
Native extension for OSXStandalone target not found
Native extension for WebGL target not found
Refreshing native plugins compatible for Editor in 0.36 ms, found 2 plugins.
Preloading 0 native plugins for Editor in 0.00 ms.
Mono: successfully reloaded assembly
- Completed reload, in  0.997 seconds
Platform modules already initialized, skipping
Refreshing native plugins compatible for Editor in 0.43 ms, found 2 plugins.
Preloading 0 native plugins for Editor in 0.00 ms.
Unloading 1804 Unused Serialized files (Serialized files now loaded: 0)
System memory in use before: 164.8 MB.
System memory in use after: 164.8 MB.

Unloading 12 unused Assets to reduce memory usage. Loaded Objects now: 2408.
Total: 2.279449 ms (FindLiveObjects: 0.187826 ms CreateObjectMapping: 0.060212 ms MarkObjects: 1.899222 ms  DeleteObjects: 0.130528 ms)

========================================================================
Received Prepare
Registering precompiled user dll's ...
Registered in 0.000906 seconds.
Begin MonoManager ReloadAssembly
Native extension for OSXStandalone target not found
Native extension for WebGL target not found
Refreshing native plugins compatible for Editor in 0.35 ms, found 2 plugins.
Preloading 0 native plugins for Editor in 0.00 ms.
Mono: successfully reloaded assembly
- Completed reload, in  1.022 seconds
Platform modules already initialized, skipping
Refreshing native plugins compatible for Editor in 0.53 ms, found 2 plugins.
Preloading 0 native plugins for Editor in 0.00 ms.
Unloading 1804 Unused Serialized files (Serialized files now loaded: 0)
System memory in use before: 165.0 MB.
System memory in use after: 165.0 MB.

Unloading 12 unused Assets to reduce memory usage. Loaded Objects now: 2412.
Total: 3.277120 ms (FindLiveObjects: 0.261942 ms CreateObjectMapping: 0.085403 ms MarkObjects: 2.633577 ms  DeleteObjects: 0.294420 ms)

========================================================================
Received Prepare
Registering precompiled user dll's ...
Registered in 0.000609 seconds.
Begin MonoManager ReloadAssembly
Native extension for OSXStandalone target not found
Native extension for WebGL target not found
Refreshing native plugins compatible for Editor in 0.36 ms, found 2 plugins.
Preloading 0 native plugins for Editor in 0.00 ms.
Mono: successfully reloaded assembly
- Completed reload, in  1.040 seconds
Platform modules already initialized, skipping
Refreshing native plugins compatible for Editor in 0.34 ms, found 2 plugins.
Preloading 0 native plugins for Editor in 0.00 ms.
Unloading 1804 Unused Serialized files (Serialized files now loaded: 0)
System memory in use before: 165.2 MB.
System memory in use after: 165.2 MB.

Unloading 12 unused Assets to reduce memory usage. Loaded Objects now: 2416.
Total: 2.073188 ms (FindLiveObjects: 0.186157 ms CreateObjectMapping: 0.059859 ms MarkObjects: 1.701769 ms  DeleteObjects: 0.123933 ms)

========================================================================
Received Prepare
Registering precompiled user dll's ...
Registered in 0.000652 seconds.
Begin MonoManager ReloadAssembly
Native extension for OSXStandalone target not found
Native extension for WebGL target not found
Refreshing native plugins compatible for Editor in 0.32 ms, found 2 plugins.
Preloading 0 native plugins for Editor in 0.00 ms.
Mono: successfully reloaded assembly
- Completed reload, in  1.051 seconds
Platform modules already initialized, skipping
Refreshing native plugins compatible for Editor in 0.35 ms, found 2 plugins.
Preloading 0 native plugins for Editor in 0.00 ms.
Unloading 1804 Unused Serialized files (Serialized files now loaded: 0)
System memory in use before: 165.4 MB.
System memory in use after: 165.4 MB.

Unloading 12 unused Assets to reduce memory usage. Loaded Objects now: 2420.
Total: 2.241908 ms (FindLiveObjects: 0.180922 ms CreateObjectMapping: 0.073560 ms MarkObjects: 1.864877 ms  DeleteObjects: 0.121018 ms)

========================================================================
Received Prepare
Registering precompiled user dll's ...
Registered in 0.000595 seconds.
Begin MonoManager ReloadAssembly
Native extension for OSXStandalone target not found
Native extension for WebGL target not found
Refreshing native plugins compatible for Editor in 0.36 ms, found 2 plugins.
Preloading 0 native plugins for Editor in 0.00 ms.
Mono: successfully reloaded assembly
- Completed reload, in  1.065 seconds
Platform modules already initialized, skipping
Refreshing native plugins compatible for Editor in 0.31 ms, found 2 plugins.
Preloading 0 native plugins for Editor in 0.00 ms.
Unloading 1804 Unused Serialized files (Serialized files now loaded: 0)
System memory in use before: 165.6 MB.
System memory in use after: 165.6 MB.

Unloading 12 unused Assets to reduce memory usage. Loaded Objects now: 2424.
Total: 1.867342 ms (FindLiveObjects: 0.165527 ms CreateObjectMapping: 0.048285 ms MarkObjects: 1.522345 ms  DeleteObjects: 0.130103 ms)

========================================================================
Received Prepare
Registering precompiled user dll's ...
Registered in 0.000595 seconds.
Begin MonoManager ReloadAssembly
Native extension for OSXStandalone target not found
Native extension for WebGL target not found
Refreshing native plugins compatible for Editor in 0.36 ms, found 2 plugins.
Preloading 0 native plugins for Editor in 0.00 ms.
Mono: successfully reloaded assembly
- Completed reload, in  1.049 seconds
Platform modules already initialized, skipping
Refreshing native plugins compatible for Editor in 0.44 ms, found 2 plugins.
Preloading 0 native plugins for Editor in 0.00 ms.
Unloading 1804 Unused Serialized files (Serialized files now loaded: 0)
System memory in use before: 165.8 MB.
System memory in use after: 165.8 MB.

Unloading 12 unused Assets to reduce memory usage. Loaded Objects now: 2428.
Total: 1.975361 ms (FindLiveObjects: 0.198217 ms CreateObjectMapping: 0.056967 ms MarkObjects: 1.598255 ms  DeleteObjects: 0.120529 ms)

========================================================================
Received Prepare
Registering precompiled user dll's ...
Registered in 0.000678 seconds.
Begin MonoManager ReloadAssembly
Native extension for OSXStandalone target not found
Native extension for WebGL target not found
Refreshing native plugins compatible for Editor in 0.36 ms, found 2 plugins.
Preloading 0 native plugins for Editor in 0.00 ms.
Mono: successfully reloaded assembly
- Completed reload, in  1.032 seconds
Platform modules already initialized, skipping
Refreshing native plugins compatible for Editor in 0.36 ms, found 2 plugins.
Preloading 0 native plugins for Editor in 0.00 ms.
Unloading 1804 Unused Serialized files (Serialized files now loaded: 0)
System memory in use before: 166.0 MB.
System memory in use after: 165.9 MB.

Unloading 12 unused Assets to reduce memory usage. Loaded Objects now: 2432.
Total: 1.940104 ms (FindLiveObjects: 0.180705 ms CreateObjectMapping: 0.057122 ms MarkObjects: 1.574230 ms  DeleteObjects: 0.126769 ms)

========================================================================
Received Prepare
Registering precompiled user dll's ...
Registered in 0.000611 seconds.
Begin MonoManager ReloadAssembly
Native extension for OSXStandalone target not found
Native extension for WebGL target not found
Refreshing native plugins compatible for Editor in 0.31 ms, found 2 plugins.
Preloading 0 native plugins for Editor in 0.00 ms.
Mono: successfully reloaded assembly
- Completed reload, in  1.067 seconds
Platform modules already initialized, skipping
Refreshing native plugins compatible for Editor in 0.36 ms, found 2 plugins.
Preloading 0 native plugins for Editor in 0.00 ms.
Unloading 1804 Unused Serialized files (Serialized files now loaded: 0)
System memory in use before: 166.1 MB.
System memory in use after: 166.1 MB.

Unloading 12 unused Assets to reduce memory usage. Loaded Objects now: 2436.
Total: 1.952809 ms (FindLiveObjects: 0.176712 ms CreateObjectMapping: 0.053971 ms MarkObjects: 1.602547 ms  DeleteObjects: 0.118585 ms)

========================================================================
Received Prepare
Registering precompiled user dll's ...
Registered in 0.000608 seconds.
Begin MonoManager ReloadAssembly
Native extension for OSXStandalone target not found
Native extension for WebGL target not found
Refreshing native plugins compatible for Editor in 0.36 ms, found 2 plugins.
Preloading 0 native plugins for Editor in 0.00 ms.
Mono: successfully reloaded assembly
- Completed reload, in  1.038 seconds
Platform modules already initialized, skipping
Refreshing native plugins compatible for Editor in 0.47 ms, found 2 plugins.
Preloading 0 native plugins for Editor in 0.00 ms.
Unloading 1804 Unused Serialized files (Serialized files now loaded: 0)
System memory in use before: 166.3 MB.
System memory in use after: 166.3 MB.

Unloading 12 unused Assets to reduce memory usage. Loaded Objects now: 2440.
Total: 1.994807 ms (FindLiveObjects: 0.185223 ms CreateObjectMapping: 0.073534 ms MarkObjects: 1.607352 ms  DeleteObjects: 0.127431 ms)

========================================================================
Received Prepare
Registering precompiled user dll's ...
Registered in 0.000611 seconds.
Begin MonoManager ReloadAssembly
Native extension for OSXStandalone target not found
Native extension for WebGL target not found
Refreshing native plugins compatible for Editor in 0.37 ms, found 2 plugins.
Preloading 0 native plugins for Editor in 0.00 ms.
Mono: successfully reloaded assembly
- Completed reload, in  1.026 seconds
Platform modules already initialized, skipping
Refreshing native plugins compatible for Editor in 0.32 ms, found 2 plugins.
Preloading 0 native plugins for Editor in 0.00 ms.
Unloading 1804 Unused Serialized files (Serialized files now loaded: 0)
System memory in use before: 166.5 MB.
System memory in use after: 166.5 MB.

Unloading 12 unused Assets to reduce memory usage. Loaded Objects now: 2444.
Total: 2.117283 ms (FindLiveObjects: 0.190256 ms CreateObjectMapping: 0.059170 ms MarkObjects: 1.740876 ms  DeleteObjects: 0.125353 ms)

========================================================================
Received Prepare
Registering precompiled user dll's ...
Registered in 0.000579 seconds.
Begin MonoManager ReloadAssembly
Native extension for OSXStandalone target not found
Native extension for WebGL target not found
Refreshing native plugins compatible for Editor in 0.36 ms, found 2 plugins.
Preloading 0 native plugins for Editor in 0.00 ms.
Mono: successfully reloaded assembly
- Completed reload, in  1.074 seconds
Platform modules already initialized, skipping
Refreshing native plugins compatible for Editor in 0.33 ms, found 2 plugins.
Preloading 0 native plugins for Editor in 0.00 ms.
Unloading 1804 Unused Serialized files (Serialized files now loaded: 0)
System memory in use before: 166.7 MB.
System memory in use after: 166.7 MB.

Unloading 12 unused Assets to reduce memory usage. Loaded Objects now: 2448.
Total: 2.077899 ms (FindLiveObjects: 0.190878 ms CreateObjectMapping: 0.054400 ms MarkObjects: 1.711204 ms  DeleteObjects: 0.119873 ms)

========================================================================
Received Prepare
Registering precompiled user dll's ...
Registered in 0.000592 seconds.
Begin MonoManager ReloadAssembly
Native extension for OSXStandalone target not found
Native extension for WebGL target not found
Refreshing native plugins compatible for Editor in 0.32 ms, found 2 plugins.
Preloading 0 native plugins for Editor in 0.00 ms.
Mono: successfully reloaded assembly
- Completed reload, in  1.089 seconds
Platform modules already initialized, skipping
Refreshing native plugins compatible for Editor in 0.42 ms, found 2 plugins.
Preloading 0 native plugins for Editor in 0.00 ms.
Unloading 1804 Unused Serialized files (Serialized files now loaded: 0)
System memory in use before: 166.9 MB.
System memory in use after: 166.9 MB.

Unloading 12 unused Assets to reduce memory usage. Loaded Objects now: 2452.
Total: 3.367767 ms (FindLiveObjects: 0.333160 ms CreateObjectMapping: 0.298532 ms MarkObjects: 2.533118 ms  DeleteObjects: 0.201050 ms)

========================================================================
Received Prepare
Registering precompiled user dll's ...
Registered in 0.001620 seconds.
Begin MonoManager ReloadAssembly
Native extension for OSXStandalone target not found
Native extension for WebGL target not found
Refreshing native plugins compatible for Editor in 0.35 ms, found 2 plugins.
Preloading 0 native plugins for Editor in 0.00 ms.
Mono: successfully reloaded assembly
- Completed reload, in  1.094 seconds
Platform modules already initialized, skipping
Refreshing native plugins compatible for Editor in 0.32 ms, found 2 plugins.
Preloading 0 native plugins for Editor in 0.00 ms.
Unloading 1804 Unused Serialized files (Serialized files now loaded: 0)
System memory in use before: 167.1 MB.
System memory in use after: 167.1 MB.

Unloading 12 unused Assets to reduce memory usage. Loaded Objects now: 2456.
Total: 1.999844 ms (FindLiveObjects: 0.179611 ms CreateObjectMapping: 0.052800 ms MarkObjects: 1.647694 ms  DeleteObjects: 0.118574 ms)

========================================================================
Received Prepare
Registering precompiled user dll's ...
Registered in 0.000603 seconds.
Begin MonoManager ReloadAssembly
Native extension for OSXStandalone target not found
Native extension for WebGL target not found
Refreshing native plugins compatible for Editor in 0.36 ms, found 2 plugins.
Preloading 0 native plugins for Editor in 0.00 ms.
Mono: successfully reloaded assembly
- Completed reload, in  1.036 seconds
Platform modules already initialized, skipping
Refreshing native plugins compatible for Editor in 0.32 ms, found 2 plugins.
Preloading 0 native plugins for Editor in 0.00 ms.
Unloading 1804 Unused Serialized files (Serialized files now loaded: 0)
System memory in use before: 167.3 MB.
System memory in use after: 167.3 MB.

Unloading 12 unused Assets to reduce memory usage. Loaded Objects now: 2460.
Total: 1.932703 ms (FindLiveObjects: 0.177930 ms CreateObjectMapping: 0.052152 ms MarkObjects: 1.583073 ms  DeleteObjects: 0.118198 ms)

========================================================================
Received Prepare
Registering precompiled user dll's ...
Registered in 0.000663 seconds.
Begin MonoManager ReloadAssembly
Native extension for OSXStandalone target not found
Native extension for WebGL target not found
Refreshing native plugins compatible for Editor in 0.36 ms, found 2 plugins.
Preloading 0 native plugins for Editor in 0.00 ms.
Mono: successfully reloaded assembly
- Completed reload, in  1.074 seconds
Platform modules already initialized, skipping
Refreshing native plugins compatible for Editor in 0.37 ms, found 2 plugins.
Preloading 0 native plugins for Editor in 0.00 ms.
Unloading 1804 Unused Serialized files (Serialized files now loaded: 0)
System memory in use before: 167.6 MB.
System memory in use after: 167.5 MB.

Unloading 12 unused Assets to reduce memory usage. Loaded Objects now: 2464.
Total: 1.891492 ms (FindLiveObjects: 0.176981 ms CreateObjectMapping: 0.054466 ms MarkObjects: 1.543646 ms  DeleteObjects: 0.115362 ms)

========================================================================
Received Prepare
Registering precompiled user dll's ...
Registered in 0.000611 seconds.
Begin MonoManager ReloadAssembly
Native extension for OSXStandalone target not found
Native extension for WebGL target not found
Refreshing native plugins compatible for Editor in 0.37 ms, found 2 plugins.
Preloading 0 native plugins for Editor in 0.00 ms.
Mono: successfully reloaded assembly
- Completed reload, in  1.053 seconds
Platform modules already initialized, skipping
Refreshing native plugins compatible for Editor in 0.64 ms, found 2 plugins.
Preloading 0 native plugins for Editor in 0.00 ms.
Unloading 1804 Unused Serialized files (Serialized files now loaded: 0)
System memory in use before: 167.8 MB.
System memory in use after: 167.7 MB.

Unloading 12 unused Assets to reduce memory usage. Loaded Objects now: 2468.
Total: 2.455478 ms (FindLiveObjects: 0.256338 ms CreateObjectMapping: 0.095318 ms MarkObjects: 1.964902 ms  DeleteObjects: 0.137267 ms)

========================================================================
Received Prepare
Registering precompiled user dll's ...
Registered in 0.002094 seconds.
Begin MonoManager ReloadAssembly
Native extension for OSXStandalone target not found
Native extension for WebGL target not found
Refreshing native plugins compatible for Editor in 0.37 ms, found 2 plugins.
Preloading 0 native plugins for Editor in 0.00 ms.
Mono: successfully reloaded assembly
- Completed reload, in  1.191 seconds
Platform modules already initialized, skipping
Refreshing native plugins compatible for Editor in 0.39 ms, found 2 plugins.
Preloading 0 native plugins for Editor in 0.00 ms.
Unloading 1804 Unused Serialized files (Serialized files now loaded: 0)
System memory in use before: 167.9 MB.
System memory in use after: 167.9 MB.

Unloading 12 unused Assets to reduce memory usage. Loaded Objects now: 2472.
Total: 2.044930 ms (FindLiveObjects: 0.183988 ms CreateObjectMapping: 0.057482 ms MarkObjects: 1.683417 ms  DeleteObjects: 0.118740 ms)

========================================================================
Received Prepare
Registering precompiled user dll's ...
Registered in 0.000621 seconds.
Begin MonoManager ReloadAssembly
Native extension for OSXStandalone target not found
Native extension for WebGL target not found
Refreshing native plugins compatible for Editor in 0.48 ms, found 2 plugins.
Preloading 0 native plugins for Editor in 0.00 ms.
Mono: successfully reloaded assembly
- Completed reload, in  1.183 seconds
Platform modules already initialized, skipping
Refreshing native plugins compatible for Editor in 0.32 ms, found 2 plugins.
Preloading 0 native plugins for Editor in 0.00 ms.
Unloading 1804 Unused Serialized files (Serialized files now loaded: 0)
System memory in use before: 168.2 MB.
System memory in use after: 168.1 MB.

Unloading 12 unused Assets to reduce memory usage. Loaded Objects now: 2476.
Total: 2.011086 ms (FindLiveObjects: 0.187566 ms CreateObjectMapping: 0.058668 ms MarkObjects: 1.630986 ms  DeleteObjects: 0.127051 ms)

========================================================================
Received Prepare
Registering precompiled user dll's ...
Registered in 0.000808 seconds.
Begin MonoManager ReloadAssembly
Native extension for OSXStandalone target not found
Native extension for WebGL target not found
Refreshing native plugins compatible for Editor in 0.50 ms, found 2 plugins.
Preloading 0 native plugins for Editor in 0.00 ms.
Mono: successfully reloaded assembly
- Completed reload, in  1.218 seconds
Platform modules already initialized, skipping
Refreshing native plugins compatible for Editor in 0.32 ms, found 2 plugins.
Preloading 0 native plugins for Editor in 0.00 ms.
Unloading 1804 Unused Serialized files (Serialized files now loaded: 0)
System memory in use before: 168.3 MB.
System memory in use after: 168.3 MB.

Unloading 12 unused Assets to reduce memory usage. Loaded Objects now: 2480.
Total: 2.263103 ms (FindLiveObjects: 0.181523 ms CreateObjectMapping: 0.049042 ms MarkObjects: 1.890760 ms  DeleteObjects: 0.140309 ms)

========================================================================
Received Prepare
Registering precompiled user dll's ...
Registered in 0.000671 seconds.
Begin MonoManager ReloadAssembly
Native extension for OSXStandalone target not found
Native extension for WebGL target not found
Refreshing native plugins compatible for Editor in 0.33 ms, found 2 plugins.
Preloading 0 native plugins for Editor in 0.00 ms.
Mono: successfully reloaded assembly
- Completed reload, in  1.190 seconds
Platform modules already initialized, skipping
Refreshing native plugins compatible for Editor in 0.31 ms, found 2 plugins.
Preloading 0 native plugins for Editor in 0.00 ms.
Unloading 1804 Unused Serialized files (Serialized files now loaded: 0)
System memory in use before: 168.5 MB.
System memory in use after: 168.5 MB.

Unloading 12 unused Assets to reduce memory usage. Loaded Objects now: 2484.
Total: 2.018927 ms (FindLiveObjects: 0.188993 ms CreateObjectMapping: 0.053857 ms MarkObjects: 1.652995 ms  DeleteObjects: 0.121923 ms)

========================================================================
Received Prepare
Registering precompiled user dll's ...
Registered in 0.000647 seconds.
Begin MonoManager ReloadAssembly
Native extension for OSXStandalone target not found
Native extension for WebGL target not found
Refreshing native plugins compatible for Editor in 0.38 ms, found 2 plugins.
Preloading 0 native plugins for Editor in 0.00 ms.
Mono: successfully reloaded assembly
- Completed reload, in  1.137 seconds
Platform modules already initialized, skipping
Refreshing native plugins compatible for Editor in 0.32 ms, found 2 plugins.
Preloading 0 native plugins for Editor in 0.00 ms.
Unloading 1804 Unused Serialized files (Serialized files now loaded: 0)
System memory in use before: 168.7 MB.
System memory in use after: 168.7 MB.

Unloading 12 unused Assets to reduce memory usage. Loaded Objects now: 2488.
Total: 2.555505 ms (FindLiveObjects: 0.189321 ms CreateObjectMapping: 0.054163 ms MarkObjects: 2.181221 ms  DeleteObjects: 0.129203 ms)

========================================================================
Received Prepare
Registering precompiled user dll's ...
Registered in 0.000617 seconds.
Begin MonoManager ReloadAssembly
Native extension for OSXStandalone target not found
Native extension for WebGL target not found
Refreshing native plugins compatible for Editor in 0.34 ms, found 2 plugins.
Preloading 0 native plugins for Editor in 0.00 ms.
Mono: successfully reloaded assembly
- Completed reload, in  1.102 seconds
Platform modules already initialized, skipping
Refreshing native plugins compatible for Editor in 0.39 ms, found 2 plugins.
Preloading 0 native plugins for Editor in 0.00 ms.
Unloading 1804 Unused Serialized files (Serialized files now loaded: 0)
System memory in use before: 168.9 MB.
System memory in use after: 168.9 MB.

Unloading 12 unused Assets to reduce memory usage. Loaded Objects now: 2492.
Total: 2.348359 ms (FindLiveObjects: 0.199703 ms CreateObjectMapping: 0.061920 ms MarkObjects: 1.961715 ms  DeleteObjects: 0.123000 ms)

========================================================================
Received Prepare
Registering precompiled user dll's ...
Registered in 0.000640 seconds.
Begin MonoManager ReloadAssembly
Native extension for OSXStandalone target not found
Native extension for WebGL target not found
Refreshing native plugins compatible for Editor in 0.39 ms, found 2 plugins.
Preloading 0 native plugins for Editor in 0.00 ms.
Mono: successfully reloaded assembly
- Completed reload, in  1.133 seconds
Platform modules already initialized, skipping
Refreshing native plugins compatible for Editor in 0.36 ms, found 2 plugins.
Preloading 0 native plugins for Editor in 0.00 ms.
Unloading 1804 Unused Serialized files (Serialized files now loaded: 0)
System memory in use before: 169.1 MB.
System memory in use after: 169.1 MB.

Unloading 12 unused Assets to reduce memory usage. Loaded Objects now: 2496.
Total: 2.115281 ms (FindLiveObjects: 0.191786 ms CreateObjectMapping: 0.058162 ms MarkObjects: 1.742965 ms  DeleteObjects: 0.121227 ms)

========================================================================
Received Prepare
Registering precompiled user dll's ...
Registered in 0.000876 seconds.
Begin MonoManager ReloadAssembly
Native extension for OSXStandalone target not found
Native extension for WebGL target not found
Refreshing native plugins compatible for Editor in 0.33 ms, found 2 plugins.
Preloading 0 native plugins for Editor in 0.00 ms.
Mono: successfully reloaded assembly
- Completed reload, in  1.155 seconds
Platform modules already initialized, skipping
Refreshing native plugins compatible for Editor in 0.34 ms, found 2 plugins.
Preloading 0 native plugins for Editor in 0.00 ms.
Unloading 1804 Unused Serialized files (Serialized files now loaded: 0)
System memory in use before: 169.3 MB.
System memory in use after: 169.3 MB.

Unloading 12 unused Assets to reduce memory usage. Loaded Objects now: 2500.
Total: 2.160660 ms (FindLiveObjects: 0.185517 ms CreateObjectMapping: 0.059673 ms MarkObjects: 1.788051 ms  DeleteObjects: 0.126125 ms)

========================================================================
Received Prepare
Registering precompiled user dll's ...
Registered in 0.000655 seconds.
Begin MonoManager ReloadAssembly
Native extension for OSXStandalone target not found
Native extension for WebGL target not found
Refreshing native plugins compatible for Editor in 0.39 ms, found 2 plugins.
Preloading 0 native plugins for Editor in 0.00 ms.
Mono: successfully reloaded assembly
- Completed reload, in  1.137 seconds
Platform modules already initialized, skipping
Refreshing native plugins compatible for Editor in 0.45 ms, found 2 plugins.
Preloading 0 native plugins for Editor in 0.00 ms.
Unloading 1804 Unused Serialized files (Serialized files now loaded: 0)
System memory in use before: 169.5 MB.
System memory in use after: 169.5 MB.

Unloading 12 unused Assets to reduce memory usage. Loaded Objects now: 2504.
Total: 3.069203 ms (FindLiveObjects: 0.256354 ms CreateObjectMapping: 0.081457 ms MarkObjects: 2.543256 ms  DeleteObjects: 0.186389 ms)

========================================================================
Received Prepare
Registering precompiled user dll's ...
Registered in 0.001364 seconds.
Begin MonoManager ReloadAssembly
Native extension for OSXStandalone target not found
Native extension for WebGL target not found
Refreshing native plugins compatible for Editor in 0.34 ms, found 2 plugins.
Preloading 0 native plugins for Editor in 0.00 ms.
Mono: successfully reloaded assembly
- Completed reload, in  1.142 seconds
Platform modules already initialized, skipping
Refreshing native plugins compatible for Editor in 0.36 ms, found 2 plugins.
Preloading 0 native plugins for Editor in 0.00 ms.
Unloading 1804 Unused Serialized files (Serialized files now loaded: 0)
System memory in use before: 169.7 MB.
System memory in use after: 169.7 MB.

Unloading 12 unused Assets to reduce memory usage. Loaded Objects now: 2508.
Total: 1.963580 ms (FindLiveObjects: 0.187095 ms CreateObjectMapping: 0.056296 ms MarkObjects: 1.604486 ms  DeleteObjects: 0.114725 ms)

========================================================================
Received Prepare
Registering precompiled user dll's ...
Registered in 0.000635 seconds.
Begin MonoManager ReloadAssembly
Native extension for OSXStandalone target not found
Native extension for WebGL target not found
Refreshing native plugins compatible for Editor in 0.33 ms, found 2 plugins.
Preloading 0 native plugins for Editor in 0.00 ms.
Mono: successfully reloaded assembly
- Completed reload, in  1.045 seconds
Platform modules already initialized, skipping
Refreshing native plugins compatible for Editor in 0.49 ms, found 2 plugins.
Preloading 0 native plugins for Editor in 0.00 ms.
Unloading 1804 Unused Serialized files (Serialized files now loaded: 0)
System memory in use before: 169.9 MB.
System memory in use after: 169.9 MB.

Unloading 12 unused Assets to reduce memory usage. Loaded Objects now: 2512.
Total: 2.976120 ms (FindLiveObjects: 0.283257 ms CreateObjectMapping: 0.086997 ms MarkObjects: 2.434190 ms  DeleteObjects: 0.170387 ms)

========================================================================
Received Prepare
Registering precompiled user dll's ...
Registered in 0.000708 seconds.
Begin MonoManager ReloadAssembly
Native extension for OSXStandalone target not found
Native extension for WebGL target not found
Refreshing native plugins compatible for Editor in 0.33 ms, found 2 plugins.
Preloading 0 native plugins for Editor in 0.00 ms.
Mono: successfully reloaded assembly
- Completed reload, in  1.137 seconds
Platform modules already initialized, skipping
Refreshing native plugins compatible for Editor in 0.46 ms, found 2 plugins.
Preloading 0 native plugins for Editor in 0.00 ms.
Unloading 1804 Unused Serialized files (Serialized files now loaded: 0)
System memory in use before: 170.1 MB.
System memory in use after: 170.1 MB.

Unloading 12 unused Assets to reduce memory usage. Loaded Objects now: 2516.
Total: 2.203847 ms (FindLiveObjects: 0.207045 ms CreateObjectMapping: 0.065487 ms MarkObjects: 1.789824 ms  DeleteObjects: 0.140102 ms)

========================================================================
Received Prepare
Registering precompiled user dll's ...
Registered in 0.000645 seconds.
Begin MonoManager ReloadAssembly
Native extension for OSXStandalone target not found
Native extension for WebGL target not found
Refreshing native plugins compatible for Editor in 0.32 ms, found 2 plugins.
Preloading 0 native plugins for Editor in 0.00 ms.
Mono: successfully reloaded assembly
- Completed reload, in  1.089 seconds
Platform modules already initialized, skipping
Refreshing native plugins compatible for Editor in 0.36 ms, found 2 plugins.
Preloading 0 native plugins for Editor in 0.00 ms.
Unloading 1804 Unused Serialized files (Serialized files now loaded: 0)
System memory in use before: 170.3 MB.
System memory in use after: 170.3 MB.

Unloading 12 unused Assets to reduce memory usage. Loaded Objects now: 2520.
Total: 2.572762 ms (FindLiveObjects: 0.375121 ms CreateObjectMapping: 0.125686 ms MarkObjects: 1.934704 ms  DeleteObjects: 0.135634 ms)

========================================================================
Received Import Request.
  Time since last request: 3559.196020 seconds.
  path: Assets/Scripts/SlingShot
  artifactKey: Guid(964583125781447728c54c9af19925c7) Importer(815301076,1909f56bfc062723c751e8b465ee728b)
Start importing Assets/Scripts/SlingShot using Guid(964583125781447728c54c9af19925c7) Importer(815301076,1909f56bfc062723c751e8b465ee728b)  -> (artifact id: '5b4cee31588380b27cee11e9b73e6b11') in 0.006429 seconds
  Import took 0.011287 seconds .

========================================================================
Received Prepare
Registering precompiled user dll's ...
Registered in 0.000691 seconds.
Begin MonoManager ReloadAssembly
Native extension for OSXStandalone target not found
Native extension for WebGL target not found
Refreshing native plugins compatible for Editor in 0.39 ms, found 2 plugins.
Preloading 0 native plugins for Editor in 0.00 ms.
Mono: successfully reloaded assembly
- Completed reload, in  1.293 seconds
Platform modules already initialized, skipping
Refreshing native plugins compatible for Editor in 0.32 ms, found 2 plugins.
Preloading 0 native plugins for Editor in 0.00 ms.
Unloading 1804 Unused Serialized files (Serialized files now loaded: 0)
System memory in use before: 170.5 MB.
System memory in use after: 170.5 MB.

Unloading 12 unused Assets to reduce memory usage. Loaded Objects now: 2524.
Total: 1.996966 ms (FindLiveObjects: 0.188784 ms CreateObjectMapping: 0.058706 ms MarkObjects: 1.609504 ms  DeleteObjects: 0.138664 ms)

========================================================================
Received Import Request.
  Time since last request: 17.006308 seconds.
  path: Assets/Scripts/SlingShot/SlingShotController.cs
  artifactKey: Guid(2607a4710ee3548b390c8962d9c2b35d) Importer(815301076,1909f56bfc062723c751e8b465ee728b)
Start importing Assets/Scripts/SlingShot/SlingShotController.cs using Guid(2607a4710ee3548b390c8962d9c2b35d) Importer(815301076,1909f56bfc062723c751e8b465ee728b)  -> (artifact id: '9299564f54385fb7bd78a902cd511e1e') in 0.006133 seconds
  Import took 0.009967 seconds .

========================================================================
Received Import Request.
  Time since last request: 0.035261 seconds.
  path: Assets/Scripts/SlingShot/SlingShotController.cs
  artifactKey: Guid(2607a4710ee3548b390c8962d9c2b35d) Importer(815301076,1909f56bfc062723c751e8b465ee728b)
Start importing Assets/Scripts/SlingShot/SlingShotController.cs using Guid(2607a4710ee3548b390c8962d9c2b35d) Importer(815301076,1909f56bfc062723c751e8b465ee728b)  -> (artifact id: '9299564f54385fb7bd78a902cd511e1e') in 0.002318 seconds
  Import took 0.007233 seconds .

========================================================================
Received Prepare
Registering precompiled user dll's ...
Registered in 0.001691 seconds.
Begin MonoManager ReloadAssembly
Native extension for OSXStandalone target not found
Native extension for WebGL target not found
Refreshing native plugins compatible for Editor in 0.33 ms, found 2 plugins.
Preloading 0 native plugins for Editor in 0.00 ms.
Mono: successfully reloaded assembly
- Completed reload, in  1.188 seconds
Platform modules already initialized, skipping
Refreshing native plugins compatible for Editor in 0.37 ms, found 2 plugins.
Preloading 0 native plugins for Editor in 0.00 ms.
Unloading 1804 Unused Serialized files (Serialized files now loaded: 0)
System memory in use before: 170.7 MB.
System memory in use after: 170.7 MB.

Unloading 12 unused Assets to reduce memory usage. Loaded Objects now: 2528.
Total: 2.055293 ms (FindLiveObjects: 0.189474 ms CreateObjectMapping: 0.077483 ms MarkObjects: 1.669727 ms  DeleteObjects: 0.116981 ms)

========================================================================
Received Import Request.
  Time since last request: 31.434559 seconds.
  path: Assets/Scripts/Bird
  artifactKey: Guid(22efdf9832d90422dbdab9a84c4038ee) Importer(815301076,1909f56bfc062723c751e8b465ee728b)
Start importing Assets/Scripts/Bird using Guid(22efdf9832d90422dbdab9a84c4038ee) Importer(815301076,1909f56bfc062723c751e8b465ee728b)  -> (artifact id: '647d0005f8ea37d4eb57022cf6888cf8') in 0.008004 seconds
  Import took 0.013392 seconds .

========================================================================
Received Import Request.
  Time since last request: 10.748575 seconds.
  path: Assets/Scripts/Bird/BirdController.cs
  artifactKey: Guid(ca39b3c00242e43ae9c6df8427ef3de4) Importer(815301076,1909f56bfc062723c751e8b465ee728b)
Start importing Assets/Scripts/Bird/BirdController.cs using Guid(ca39b3c00242e43ae9c6df8427ef3de4) Importer(815301076,1909f56bfc062723c751e8b465ee728b)  -> (artifact id: '6df42286f076e8ef208674b2ab9fa67d') in 0.006574 seconds
  Import took 0.013797 seconds .

========================================================================
Received Prepare
Registering precompiled user dll's ...
Registered in 0.001268 seconds.
Begin MonoManager ReloadAssembly
Native extension for OSXStandalone target not found
Native extension for WebGL target not found
Refreshing native plugins compatible for Editor in 0.32 ms, found 2 plugins.
Preloading 0 native plugins for Editor in 0.00 ms.
Mono: successfully reloaded assembly
- Completed reload, in  1.092 seconds
Platform modules already initialized, skipping
Refreshing native plugins compatible for Editor in 0.31 ms, found 2 plugins.
Preloading 0 native plugins for Editor in 0.00 ms.
Unloading 1805 Unused Serialized files (Serialized files now loaded: 0)
System memory in use before: 170.9 MB.
System memory in use after: 170.9 MB.

Unloading 12 unused Assets to reduce memory usage. Loaded Objects now: 2533.
Total: 2.057930 ms (FindLiveObjects: 0.192104 ms CreateObjectMapping: 0.057091 ms MarkObjects: 1.634925 ms  DeleteObjects: 0.172411 ms)

========================================================================
Received Import Request.
  Time since last request: 71.908862 seconds.
  path: Assets/Prefabs
  artifactKey: Guid(3355a3272080c467a84778f1cde9fd01) Importer(815301076,1909f56bfc062723c751e8b465ee728b)
Start importing Assets/Prefabs using Guid(3355a3272080c467a84778f1cde9fd01) Importer(815301076,1909f56bfc062723c751e8b465ee728b)  -> (artifact id: 'ab86adb23bcde453813028d6d9087fae') in 0.006935 seconds
  Import took 0.012176 seconds .

========================================================================
Received Import Request.
  Time since last request: 7.092288 seconds.
  path: Assets/Prefabs/bird.prefab
  artifactKey: Guid(b1fc5f62eb7af4a0890ccb46b179ae32) Importer(815301076,1909f56bfc062723c751e8b465ee728b)
Start importing Assets/Prefabs/bird.prefab using Guid(b1fc5f62eb7af4a0890ccb46b179ae32) Importer(815301076,1909f56bfc062723c751e8b465ee728b)  -> (artifact id: '171041e850ca342edfcdd5c3275dbf37') in 1.562622 seconds
  Import took 1.566974 seconds .

========================================================================
Received Prepare
Registering precompiled user dll's ...
Registered in 0.002934 seconds.
Begin MonoManager ReloadAssembly
Native extension for OSXStandalone target not found
Native extension for WebGL target not found
Refreshing native plugins compatible for Editor in 0.32 ms, found 2 plugins.
Preloading 0 native plugins for Editor in 0.00 ms.
Mono: successfully reloaded assembly
- Completed reload, in  1.098 seconds
Platform modules already initialized, skipping
Refreshing native plugins compatible for Editor in 0.52 ms, found 2 plugins.
Preloading 0 native plugins for Editor in 0.00 ms.
Unloading 1805 Unused Serialized files (Serialized files now loaded: 0)
System memory in use before: 175.6 MB.
System memory in use after: 175.6 MB.

Unloading 12 unused Assets to reduce memory usage. Loaded Objects now: 2541.
Total: 3.451142 ms (FindLiveObjects: 0.375513 ms CreateObjectMapping: 0.152457 ms MarkObjects: 2.775328 ms  DeleteObjects: 0.146232 ms)

========================================================================
Received Import Request.
  Time since last request: 87.767714 seconds.
  path: Assets/Scripts/Bird/BirdController.cs
  artifactKey: Guid(ca39b3c00242e43ae9c6df8427ef3de4) Importer(815301076,1909f56bfc062723c751e8b465ee728b)
Start importing Assets/Scripts/Bird/BirdController.cs using Guid(ca39b3c00242e43ae9c6df8427ef3de4) Importer(815301076,1909f56bfc062723c751e8b465ee728b)  -> (artifact id: 'e99ae4f124e8720a45174b8777ee0080') in 0.008689 seconds
  Import took 0.012240 seconds .

========================================================================
Received Prepare
Registering precompiled user dll's ...
Registered in 0.001914 seconds.
Begin MonoManager ReloadAssembly
Native extension for OSXStandalone target not found
Native extension for WebGL target not found
Refreshing native plugins compatible for Editor in 0.31 ms, found 2 plugins.
Preloading 0 native plugins for Editor in 0.00 ms.
Mono: successfully reloaded assembly
- Completed reload, in  1.101 seconds
Platform modules already initialized, skipping
Refreshing native plugins compatible for Editor in 0.61 ms, found 2 plugins.
Preloading 0 native plugins for Editor in 0.00 ms.
Unloading 1805 Unused Serialized files (Serialized files now loaded: 0)
System memory in use before: 175.8 MB.
System memory in use after: 175.8 MB.

Unloading 12 unused Assets to reduce memory usage. Loaded Objects now: 2545.
Total: 1.906198 ms (FindLiveObjects: 0.185598 ms CreateObjectMapping: 0.056215 ms MarkObjects: 1.541347 ms  DeleteObjects: 0.121981 ms)

========================================================================
Received Prepare
Registering precompiled user dll's ...
Registered in 0.001062 seconds.
Begin MonoManager ReloadAssembly
Native extension for OSXStandalone target not found
Native extension for WebGL target not found
Refreshing native plugins compatible for Editor in 0.40 ms, found 2 plugins.
Preloading 0 native plugins for Editor in 0.00 ms.
Mono: successfully reloaded assembly
- Completed reload, in  1.140 seconds
Platform modules already initialized, skipping
Refreshing native plugins compatible for Editor in 0.57 ms, found 2 plugins.
Preloading 0 native plugins for Editor in 0.00 ms.
Unloading 1805 Unused Serialized files (Serialized files now loaded: 0)
System memory in use before: 176.0 MB.
System memory in use after: 176.0 MB.

Unloading 12 unused Assets to reduce memory usage. Loaded Objects now: 2549.
Total: 3.032601 ms (FindLiveObjects: 0.264078 ms CreateObjectMapping: 0.084956 ms MarkObjects: 2.512661 ms  DeleteObjects: 0.168707 ms)

========================================================================
Received Prepare
Registering precompiled user dll's ...
Registered in 0.000648 seconds.
Begin MonoManager ReloadAssembly
Native extension for OSXStandalone target not found
Native extension for WebGL target not found
Refreshing native plugins compatible for Editor in 0.37 ms, found 2 plugins.
Preloading 0 native plugins for Editor in 0.00 ms.
Mono: successfully reloaded assembly
- Completed reload, in  1.099 seconds
Platform modules already initialized, skipping
Refreshing native plugins compatible for Editor in 0.43 ms, found 2 plugins.
Preloading 0 native plugins for Editor in 0.00 ms.
Unloading 1805 Unused Serialized files (Serialized files now loaded: 0)
System memory in use before: 176.2 MB.
System memory in use after: 176.2 MB.

Unloading 12 unused Assets to reduce memory usage. Loaded Objects now: 2553.
Total: 1.993232 ms (FindLiveObjects: 0.188119 ms CreateObjectMapping: 0.053915 ms MarkObjects: 1.627973 ms  DeleteObjects: 0.121983 ms)

========================================================================
Received Import Request.
  Time since last request: 181.709421 seconds.
  path: Assets/Prefabs/Point.prefab
  artifactKey: Guid(1056acb4d7c454211b1d580117234770) Importer(815301076,1909f56bfc062723c751e8b465ee728b)
Start importing Assets/Prefabs/Point.prefab using Guid(1056acb4d7c454211b1d580117234770) Importer(815301076,1909f56bfc062723c751e8b465ee728b)  -> (artifact id: 'eaaeff3a8ca89a489362cf5b0148df38') in 0.065916 seconds
  Import took 0.070585 seconds .

========================================================================
Received Prepare
Registering precompiled user dll's ...
Registered in 0.000607 seconds.
Begin MonoManager ReloadAssembly
Native extension for OSXStandalone target not found
Native extension for WebGL target not found
Refreshing native plugins compatible for Editor in 0.36 ms, found 2 plugins.
Preloading 0 native plugins for Editor in 0.00 ms.
Mono: successfully reloaded assembly
- Completed reload, in  1.146 seconds
Platform modules already initialized, skipping
Refreshing native plugins compatible for Editor in 0.48 ms, found 2 plugins.
Preloading 0 native plugins for Editor in 0.00 ms.
Unloading 1805 Unused Serialized files (Serialized files now loaded: 0)
System memory in use before: 176.4 MB.
System memory in use after: 176.4 MB.

Unloading 12 unused Assets to reduce memory usage. Loaded Objects now: 2558.
Total: 3.977637 ms (FindLiveObjects: 0.260285 ms CreateObjectMapping: 0.104269 ms MarkObjects: 3.449901 ms  DeleteObjects: 0.161098 ms)

========================================================================
Received Prepare
Registering precompiled user dll's ...
Registered in 0.001587 seconds.
Begin MonoManager ReloadAssembly
Native extension for OSXStandalone target not found
Native extension for WebGL target not found
Refreshing native plugins compatible for Editor in 0.41 ms, found 2 plugins.
Preloading 0 native plugins for Editor in 0.00 ms.
Mono: successfully reloaded assembly
- Completed reload, in  1.093 seconds
Platform modules already initialized, skipping
Refreshing native plugins compatible for Editor in 0.47 ms, found 2 plugins.
Preloading 0 native plugins for Editor in 0.00 ms.
Unloading 1805 Unused Serialized files (Serialized files now loaded: 0)
System memory in use before: 176.6 MB.
System memory in use after: 176.6 MB.

Unloading 12 unused Assets to reduce memory usage. Loaded Objects now: 2562.
Total: 3.537950 ms (FindLiveObjects: 0.252136 ms CreateObjectMapping: 0.074669 ms MarkObjects: 3.028052 ms  DeleteObjects: 0.181148 ms)

========================================================================
Received Prepare
Registering precompiled user dll's ...
Registered in 0.000636 seconds.
Begin MonoManager ReloadAssembly
Native extension for OSXStandalone target not found
Native extension for WebGL target not found
Refreshing native plugins compatible for Editor in 0.36 ms, found 2 plugins.
Preloading 0 native plugins for Editor in 0.00 ms.
Mono: successfully reloaded assembly
- Completed reload, in  1.096 seconds
Platform modules already initialized, skipping
Refreshing native plugins compatible for Editor in 0.56 ms, found 2 plugins.
Preloading 0 native plugins for Editor in 0.00 ms.
Unloading 1805 Unused Serialized files (Serialized files now loaded: 0)
System memory in use before: 176.8 MB.
System memory in use after: 176.8 MB.

Unloading 12 unused Assets to reduce memory usage. Loaded Objects now: 2566.
Total: 2.846548 ms (FindLiveObjects: 0.265565 ms CreateObjectMapping: 0.084381 ms MarkObjects: 2.328050 ms  DeleteObjects: 0.166961 ms)

========================================================================
Received Prepare
Registering precompiled user dll's ...
Registered in 0.000639 seconds.
Begin MonoManager ReloadAssembly
Native extension for OSXStandalone target not found
Native extension for WebGL target not found
Refreshing native plugins compatible for Editor in 0.36 ms, found 2 plugins.
Preloading 0 native plugins for Editor in 0.00 ms.
Mono: successfully reloaded assembly
- Completed reload, in  1.042 seconds
Platform modules already initialized, skipping
Refreshing native plugins compatible for Editor in 0.31 ms, found 2 plugins.
Preloading 0 native plugins for Editor in 0.00 ms.
Unloading 1805 Unused Serialized files (Serialized files now loaded: 0)
System memory in use before: 177.0 MB.
System memory in use after: 177.0 MB.

Unloading 12 unused Assets to reduce memory usage. Loaded Objects now: 2570.
Total: 1.962406 ms (FindLiveObjects: 0.185217 ms CreateObjectMapping: 0.054195 ms MarkObjects: 1.601115 ms  DeleteObjects: 0.120443 ms)

========================================================================
Received Prepare
Registering precompiled user dll's ...
Registered in 0.001224 seconds.
Begin MonoManager ReloadAssembly
Native extension for OSXStandalone target not found
Native extension for WebGL target not found
Refreshing native plugins compatible for Editor in 0.31 ms, found 2 plugins.
Preloading 0 native plugins for Editor in 0.00 ms.
Mono: successfully reloaded assembly
- Completed reload, in  1.116 seconds
Platform modules already initialized, skipping
Refreshing native plugins compatible for Editor in 0.36 ms, found 2 plugins.
Preloading 0 native plugins for Editor in 0.00 ms.
Unloading 1805 Unused Serialized files (Serialized files now loaded: 0)
System memory in use before: 177.2 MB.
System memory in use after: 177.2 MB.

Unloading 12 unused Assets to reduce memory usage. Loaded Objects now: 2574.
Total: 2.035019 ms (FindLiveObjects: 0.188738 ms CreateObjectMapping: 0.056340 ms MarkObjects: 1.668632 ms  DeleteObjects: 0.119956 ms)

========================================================================
Received Prepare
Registering precompiled user dll's ...
Registered in 0.001617 seconds.
Begin MonoManager ReloadAssembly
Native extension for OSXStandalone target not found
Native extension for WebGL target not found
Refreshing native plugins compatible for Editor in 0.35 ms, found 2 plugins.
Preloading 0 native plugins for Editor in 0.00 ms.
Mono: successfully reloaded assembly
- Completed reload, in  1.325 seconds
Platform modules already initialized, skipping
Refreshing native plugins compatible for Editor in 0.48 ms, found 2 plugins.
Preloading 0 native plugins for Editor in 0.00 ms.
Unloading 1805 Unused Serialized files (Serialized files now loaded: 0)
System memory in use before: 178.5 MB.
System memory in use after: 178.5 MB.

Unloading 12 unused Assets to reduce memory usage. Loaded Objects now: 2578.
Total: 3.300320 ms (FindLiveObjects: 0.601475 ms CreateObjectMapping: 0.348239 ms MarkObjects: 2.174226 ms  DeleteObjects: 0.174280 ms)

========================================================================
Received Prepare
Registering precompiled user dll's ...
Registered in 0.000569 seconds.
Begin MonoManager ReloadAssembly
Native extension for OSXStandalone target not found
Native extension for WebGL target not found
Refreshing native plugins compatible for Editor in 0.55 ms, found 2 plugins.
Preloading 0 native plugins for Editor in 0.00 ms.
Mono: successfully reloaded assembly
- Completed reload, in  1.087 seconds
Platform modules already initialized, skipping
Refreshing native plugins compatible for Editor in 0.32 ms, found 2 plugins.
Preloading 0 native plugins for Editor in 0.00 ms.
Unloading 1805 Unused Serialized files (Serialized files now loaded: 0)
System memory in use before: 178.6 MB.
System memory in use after: 178.6 MB.

Unloading 12 unused Assets to reduce memory usage. Loaded Objects now: 2582.
Total: 1.932959 ms (FindLiveObjects: 0.209025 ms CreateObjectMapping: 0.053730 ms MarkObjects: 1.550365 ms  DeleteObjects: 0.117679 ms)

========================================================================
Received Prepare
Registering precompiled user dll's ...
Registered in 0.000627 seconds.
Begin MonoManager ReloadAssembly
Native extension for OSXStandalone target not found
Native extension for WebGL target not found
Refreshing native plugins compatible for Editor in 0.51 ms, found 2 plugins.
Preloading 0 native plugins for Editor in 0.00 ms.
Mono: successfully reloaded assembly
- Completed reload, in  1.026 seconds
Platform modules already initialized, skipping
Refreshing native plugins compatible for Editor in 0.32 ms, found 2 plugins.
Preloading 0 native plugins for Editor in 0.00 ms.
Unloading 1805 Unused Serialized files (Serialized files now loaded: 0)
System memory in use before: 178.8 MB.
System memory in use after: 178.8 MB.

Unloading 12 unused Assets to reduce memory usage. Loaded Objects now: 2586.
Total: 2.020090 ms (FindLiveObjects: 0.193252 ms CreateObjectMapping: 0.057821 ms MarkObjects: 1.643342 ms  DeleteObjects: 0.124221 ms)

========================================================================
Received Prepare
Registering precompiled user dll's ...
Registered in 0.000869 seconds.
Begin MonoManager ReloadAssembly
Native extension for OSXStandalone target not found
Native extension for WebGL target not found
Refreshing native plugins compatible for Editor in 0.35 ms, found 2 plugins.
Preloading 0 native plugins for Editor in 0.00 ms.
Mono: successfully reloaded assembly
- Completed reload, in  1.061 seconds
Platform modules already initialized, skipping
Refreshing native plugins compatible for Editor in 0.36 ms, found 2 plugins.
Preloading 0 native plugins for Editor in 0.00 ms.
Unloading 1805 Unused Serialized files (Serialized files now loaded: 0)
System memory in use before: 179.0 MB.
System memory in use after: 178.9 MB.

Unloading 12 unused Assets to reduce memory usage. Loaded Objects now: 2590.
Total: 2.107485 ms (FindLiveObjects: 0.195287 ms CreateObjectMapping: 0.058288 ms MarkObjects: 1.734984 ms  DeleteObjects: 0.117485 ms)

========================================================================
Received Prepare
Registering precompiled user dll's ...
Registered in 0.000776 seconds.
Begin MonoManager ReloadAssembly
Native extension for OSXStandalone target not found
Native extension for WebGL target not found
Refreshing native plugins compatible for Editor in 0.31 ms, found 2 plugins.
Preloading 0 native plugins for Editor in 0.00 ms.
Mono: successfully reloaded assembly
- Completed reload, in  1.100 seconds
Platform modules already initialized, skipping
Refreshing native plugins compatible for Editor in 0.38 ms, found 2 plugins.
Preloading 0 native plugins for Editor in 0.00 ms.
Unloading 1805 Unused Serialized files (Serialized files now loaded: 0)
System memory in use before: 179.2 MB.
System memory in use after: 179.1 MB.

Unloading 12 unused Assets to reduce memory usage. Loaded Objects now: 2594.
Total: 2.205285 ms (FindLiveObjects: 0.302856 ms CreateObjectMapping: 0.076330 ms MarkObjects: 1.704007 ms  DeleteObjects: 0.120757 ms)

========================================================================
Received Import Request.
  Time since last request: 17760.676388 seconds.
  path: Assets/Prefabs/bird.prefab
  artifactKey: Guid(b1fc5f62eb7af4a0890ccb46b179ae32) Importer(815301076,1909f56bfc062723c751e8b465ee728b)
Start importing Assets/Prefabs/bird.prefab using Guid(b1fc5f62eb7af4a0890ccb46b179ae32) Importer(815301076,1909f56bfc062723c751e8b465ee728b)  -> (artifact id: '182e87fd84aad9743e44c28877b82c32') in 0.127861 seconds
  Import took 0.132233 seconds .

========================================================================
Received Import Request.
  Time since last request: 9.328313 seconds.
  path: Assets/Prefabs/bird.prefab
  artifactKey: Guid(b1fc5f62eb7af4a0890ccb46b179ae32) Importer(815301076,1909f56bfc062723c751e8b465ee728b)
Start importing Assets/Prefabs/bird.prefab using Guid(b1fc5f62eb7af4a0890ccb46b179ae32) Importer(815301076,1909f56bfc062723c751e8b465ee728b)  -> (artifact id: 'c86517399ee58e7c1f4ad7bca7f8a448') in 0.016691 seconds
  Import took 0.021891 seconds .

========================================================================
Received Import Request.
  Time since last request: 8.990596 seconds.
  path: Assets/Prefabs/bird.prefab
  artifactKey: Guid(b1fc5f62eb7af4a0890ccb46b179ae32) Importer(815301076,1909f56bfc062723c751e8b465ee728b)
Start importing Assets/Prefabs/bird.prefab using Guid(b1fc5f62eb7af4a0890ccb46b179ae32) Importer(815301076,1909f56bfc062723c751e8b465ee728b)  -> (artifact id: '748716309941e99366106b6b3d420af7') in 0.016086 seconds
  Import took 0.020823 seconds .

========================================================================
Received Import Request.
  Time since last request: 2.409842 seconds.
  path: Assets/Prefabs/bird.prefab
  artifactKey: Guid(b1fc5f62eb7af4a0890ccb46b179ae32) Importer(815301076,1909f56bfc062723c751e8b465ee728b)
Start importing Assets/Prefabs/bird.prefab using Guid(b1fc5f62eb7af4a0890ccb46b179ae32) Importer(815301076,1909f56bfc062723c751e8b465ee728b)  -> (artifact id: '5a3a18c7c5aebc7207b998f222f15fb1') in 0.020146 seconds
  Import took 0.026692 seconds .

========================================================================
Received Import Request.
  Time since last request: 3.443347 seconds.
  path: Assets/Prefabs/bird.prefab
  artifactKey: Guid(b1fc5f62eb7af4a0890ccb46b179ae32) Importer(815301076,1909f56bfc062723c751e8b465ee728b)
Start importing Assets/Prefabs/bird.prefab using Guid(b1fc5f62eb7af4a0890ccb46b179ae32) Importer(815301076,1909f56bfc062723c751e8b465ee728b)  -> (artifact id: 'e2754f721c9218d6b3cffa57dd0cc9f9') in 0.017693 seconds
  Import took 0.024048 seconds .

========================================================================
Received Import Request.
  Time since last request: 8.291059 seconds.
  path: Assets/Prefabs/bird.prefab
  artifactKey: Guid(b1fc5f62eb7af4a0890ccb46b179ae32) Importer(815301076,1909f56bfc062723c751e8b465ee728b)
Start importing Assets/Prefabs/bird.prefab using Guid(b1fc5f62eb7af4a0890ccb46b179ae32) Importer(815301076,1909f56bfc062723c751e8b465ee728b)  -> (artifact id: 'd16b872d8231f580a88aa565fdacd7dc') in 0.021314 seconds
  Import took 0.027627 seconds .

========================================================================
Received Prepare
Registering precompiled user dll's ...
Registered in 0.000592 seconds.
Begin MonoManager ReloadAssembly
Native extension for OSXStandalone target not found
Native extension for WebGL target not found
Refreshing native plugins compatible for Editor in 0.37 ms, found 2 plugins.
Preloading 0 native plugins for Editor in 0.00 ms.
Mono: successfully reloaded assembly
- Completed reload, in  1.032 seconds
Platform modules already initialized, skipping
Refreshing native plugins compatible for Editor in 0.31 ms, found 2 plugins.
Preloading 0 native plugins for Editor in 0.00 ms.
Unloading 1805 Unused Serialized files (Serialized files now loaded: 0)
System memory in use before: 179.5 MB.
System memory in use after: 179.4 MB.

Unloading 12 unused Assets to reduce memory usage. Loaded Objects now: 2599.
Total: 1.991911 ms (FindLiveObjects: 0.197325 ms CreateObjectMapping: 0.059740 ms MarkObjects: 1.612366 ms  DeleteObjects: 0.120949 ms)

========================================================================
Received Prepare
Registering precompiled user dll's ...
Registered in 0.000884 seconds.
Begin MonoManager ReloadAssembly
Native extension for OSXStandalone target not found
Native extension for WebGL target not found
Refreshing native plugins compatible for Editor in 0.36 ms, found 2 plugins.
Preloading 0 native plugins for Editor in 0.00 ms.
Mono: successfully reloaded assembly
- Completed reload, in  1.050 seconds
Platform modules already initialized, skipping
Refreshing native plugins compatible for Editor in 0.32 ms, found 2 plugins.
Preloading 0 native plugins for Editor in 0.00 ms.
Unloading 1805 Unused Serialized files (Serialized files now loaded: 0)
System memory in use before: 179.6 MB.
System memory in use after: 179.6 MB.

Unloading 12 unused Assets to reduce memory usage. Loaded Objects now: 2603.
Total: 2.051059 ms (FindLiveObjects: 0.196518 ms CreateObjectMapping: 0.054715 ms MarkObjects: 1.676741 ms  DeleteObjects: 0.121571 ms)

========================================================================
Received Prepare
Registering precompiled user dll's ...
Registered in 0.001577 seconds.
Begin MonoManager ReloadAssembly
Native extension for OSXStandalone target not found
Native extension for WebGL target not found
Refreshing native plugins compatible for Editor in 0.60 ms, found 2 plugins.
Preloading 0 native plugins for Editor in 0.00 ms.
Mono: successfully reloaded assembly
- Completed reload, in  1.153 seconds
Platform modules already initialized, skipping
Refreshing native plugins compatible for Editor in 0.37 ms, found 2 plugins.
Preloading 0 native plugins for Editor in 0.00 ms.
Unloading 1805 Unused Serialized files (Serialized files now loaded: 0)
System memory in use before: 179.8 MB.
System memory in use after: 179.8 MB.

Unloading 12 unused Assets to reduce memory usage. Loaded Objects now: 2607.
Total: 2.027672 ms (FindLiveObjects: 0.197941 ms CreateObjectMapping: 0.057602 ms MarkObjects: 1.652024 ms  DeleteObjects: 0.118874 ms)

========================================================================
Received Prepare
Registering precompiled user dll's ...
Registered in 0.000657 seconds.
Begin MonoManager ReloadAssembly
Native extension for OSXStandalone target not found
Native extension for WebGL target not found
Refreshing native plugins compatible for Editor in 0.37 ms, found 2 plugins.
Preloading 0 native plugins for Editor in 0.00 ms.
Mono: successfully reloaded assembly
- Completed reload, in  1.143 seconds
Platform modules already initialized, skipping
Refreshing native plugins compatible for Editor in 0.61 ms, found 2 plugins.
Preloading 0 native plugins for Editor in 0.00 ms.
Unloading 1805 Unused Serialized files (Serialized files now loaded: 0)
System memory in use before: 180.0 MB.
System memory in use after: 180.0 MB.

Unloading 12 unused Assets to reduce memory usage. Loaded Objects now: 2611.
Total: 2.013866 ms (FindLiveObjects: 0.254014 ms CreateObjectMapping: 0.079697 ms MarkObjects: 1.555923 ms  DeleteObjects: 0.122825 ms)

========================================================================
Received Prepare
Registering precompiled user dll's ...
Registered in 0.000613 seconds.
Begin MonoManager ReloadAssembly
Native extension for OSXStandalone target not found
Native extension for WebGL target not found
Refreshing native plugins compatible for Editor in 0.46 ms, found 2 plugins.
Preloading 0 native plugins for Editor in 0.00 ms.
Mono: successfully reloaded assembly
- Completed reload, in  1.115 seconds
Platform modules already initialized, skipping
Refreshing native plugins compatible for Editor in 0.40 ms, found 2 plugins.
Preloading 0 native plugins for Editor in 0.00 ms.
Unloading 1805 Unused Serialized files (Serialized files now loaded: 0)
System memory in use before: 180.2 MB.
System memory in use after: 180.2 MB.

Unloading 12 unused Assets to reduce memory usage. Loaded Objects now: 2615.
Total: 2.061320 ms (FindLiveObjects: 0.207830 ms CreateObjectMapping: 0.060819 ms MarkObjects: 1.661996 ms  DeleteObjects: 0.128896 ms)

========================================================================
Received Prepare
Registering precompiled user dll's ...
Registered in 0.000587 seconds.
Begin MonoManager ReloadAssembly
Native extension for OSXStandalone target not found
Native extension for WebGL target not found
Refreshing native plugins compatible for Editor in 0.32 ms, found 2 plugins.
Preloading 0 native plugins for Editor in 0.00 ms.
Mono: successfully reloaded assembly
- Completed reload, in  1.043 seconds
Platform modules already initialized, skipping
Refreshing native plugins compatible for Editor in 0.36 ms, found 2 plugins.
Preloading 0 native plugins for Editor in 0.00 ms.
Unloading 1805 Unused Serialized files (Serialized files now loaded: 0)
System memory in use before: 180.4 MB.
System memory in use after: 180.4 MB.

Unloading 12 unused Assets to reduce memory usage. Loaded Objects now: 2619.
Total: 1.937686 ms (FindLiveObjects: 0.186261 ms CreateObjectMapping: 0.049343 ms MarkObjects: 1.583625 ms  DeleteObjects: 0.117158 ms)

